Unity Editor version:    2022.3.32f1 (c8300dc0a3fa)
Branch:                  2022.3/staging
Build type:              Release
Batch mode:              YES
macOS version:           Version 15.3.1 (Build 24D70)
Darwin version:          24.3.0
Architecture:            arm64
Running under Rosetta:   NO
Available memory:        36864 MB
Using pre-set license
Pro License: YES

COMMAND LINE ARGUMENTS:
/Applications/Unity/Hub/Editor/2022.3.32f1/Unity.app/Contents/MacOS/Unity
-adb2
-batchMode
-noUpm
-name
AssetImportWorker1
-projectPath
/Users/mathis/Developer/coraline_and_the_lost_buttons
-logFile
Logs/AssetImportWorker1.log
-srvPort
49820
Successfully changed project path to: /Users/mathis/Developer/coraline_and_the_lost_buttons
/Users/mathis/Developer/coraline_and_the_lost_buttons
[UnityMemory] Configuration Parameters - Can be set up in boot.config
    "memorysetup-bucket-allocator-granularity=16"
    "memorysetup-bucket-allocator-bucket-count=8"
    "memorysetup-bucket-allocator-block-size=33554432"
    "memorysetup-bucket-allocator-block-count=8"
    "memorysetup-main-allocator-block-size=16777216"
    "memorysetup-thread-allocator-block-size=16777216"
    "memorysetup-gfx-main-allocator-block-size=16777216"
    "memorysetup-gfx-thread-allocator-block-size=16777216"
    "memorysetup-cache-allocator-block-size=4194304"
    "memorysetup-typetree-allocator-block-size=2097152"
    "memorysetup-profiler-bucket-allocator-granularity=16"
    "memorysetup-profiler-bucket-allocator-bucket-count=8"
    "memorysetup-profiler-bucket-allocator-block-size=33554432"
    "memorysetup-profiler-bucket-allocator-block-count=8"
    "memorysetup-profiler-allocator-block-size=16777216"
    "memorysetup-profiler-editor-allocator-block-size=1048576"
    "memorysetup-temp-allocator-size-main=16777216"
    "memorysetup-job-temp-allocator-block-size=2097152"
    "memorysetup-job-temp-allocator-block-size-background=1048576"
    "memorysetup-job-temp-allocator-reduction-small-platforms=262144"
    "memorysetup-allocator-temp-initial-block-size-main=262144"
    "memorysetup-allocator-temp-initial-block-size-worker=262144"
    "memorysetup-temp-allocator-size-background-worker=32768"
    "memorysetup-temp-allocator-size-job-worker=262144"
    "memorysetup-temp-allocator-size-preload-manager=33554432"
    "memorysetup-temp-allocator-size-nav-mesh-worker=65536"
    "memorysetup-temp-allocator-size-audio-worker=65536"
    "memorysetup-temp-allocator-size-cloud-worker=32768"
    "memorysetup-temp-allocator-size-gi-baking-worker=262144"
    "memorysetup-temp-allocator-size-gfx=262144"
Player connection [8451541056] Host "[IP] 192.168.1.103 [Port] 0 [Flags] 2 [Guid] 3665536635 [EditorId] 3665536635 [Version] 1048832 [Id] OSXEditor(0,MacBook-Pro-de-Mathis.local) [Debug] 1 [PackageName] OSXEditor [ProjectName] Editor" joined multi-casting on [225.0.0.222:54997]...

Player connection [8451541056] Host "[IP] 192.168.1.103 [Port] 0 [Flags] 2 [Guid] 3665536635 [EditorId] 3665536635 [Version] 1048832 [Id] OSXEditor(0,MacBook-Pro-de-Mathis.local) [Debug] 1 [PackageName] OSXEditor [ProjectName] Editor" joined alternative multi-casting on [225.0.0.222:34997]...

[PhysX] Initialized MultithreadedTaskDispatcher with 12 workers.
Refreshing native plugins compatible for Editor in 2.54 ms, found 2 plugins.
Preloading 0 native plugins for Editor in 0.00 ms.
Initialize engine version: 2022.3.32f1 (c8300dc0a3fa)
[Subsystems] Discovering subsystems at path /Applications/Unity/Hub/Editor/2022.3.32f1/Unity.app/Contents/Resources/UnitySubsystems
[Subsystems] Discovering subsystems at path /Users/mathis/Developer/coraline_and_the_lost_buttons/Assets
GfxDevice: creating device client; threaded=0; jobified=0
 preferred device: Apple M3 Pro (high power)
Metal devices available: 1
0: Apple M3 Pro (high power)
Using device Apple M3 Pro (high power)
Initializing Metal device caps: Apple M3 Pro
Initialize mono
Mono path[0] = '/Applications/Unity/Hub/Editor/2022.3.32f1/Unity.app/Contents/Managed'
Mono path[1] = '/Applications/Unity/Hub/Editor/2022.3.32f1/Unity.app/Contents/MonoBleedingEdge/lib/mono/unityjit-macos'
Mono config path = '/Applications/Unity/Hub/Editor/2022.3.32f1/Unity.app/Contents/MonoBleedingEdge/etc'
Using monoOptions --debugger-agent=transport=dt_socket,embedding=1,server=y,suspend=n,address=127.0.0.1:56925
Begin MonoManager ReloadAssembly
Registering precompiled unity dll's ...
Register platform support module: /Applications/Unity/Hub/Editor/2022.3.32f1/Unity.app/Contents/PlaybackEngines/MacStandaloneSupport/UnityEditor.OSXStandalone.Extensions.dll
Registered in 0.001000 seconds.
- Loaded All Assemblies, in  0.182 seconds
Native extension for OSXStandalone target not found
Mono: successfully reloaded assembly
- Finished resetting the current domain, in  0.126 seconds
Domain Reload Profiling: 308ms
	BeginReloadAssembly (61ms)
		ExecutionOrderSort (0ms)
		DisableScriptedObjects (0ms)
		BackupInstance (0ms)
		ReleaseScriptingObjects (0ms)
		CreateAndSetChildDomain (0ms)
	RebuildCommonClasses (18ms)
	RebuildNativeTypeToScriptingClass (6ms)
	initialDomainReloadingComplete (24ms)
	LoadAllAssembliesAndSetupDomain (72ms)
		LoadAssemblies (61ms)
		RebuildTransferFunctionScriptingTraits (0ms)
		AnalyzeDomain (71ms)
			TypeCache.Refresh (71ms)
				TypeCache.ScanAssembly (64ms)
			ScanForSourceGeneratedMonoScriptInfo (0ms)
			ResolveRequiredComponents (0ms)
	FinalizeReload (126ms)
		ReleaseScriptCaches (0ms)
		RebuildScriptCaches (0ms)
		SetupLoadedEditorAssemblies (97ms)
			LogAssemblyErrors (0ms)
			InitializePlatformSupportModulesInManaged (4ms)
			SetLoadedEditorAssemblies (3ms)
			RefreshPlugins (0ms)
			BeforeProcessingInitializeOnLoad (1ms)
			ProcessInitializeOnLoadAttributes (67ms)
			ProcessInitializeOnLoadMethodAttributes (21ms)
			AfterProcessingInitializeOnLoad (0ms)
			EditorAssembliesLoaded (0ms)
		ExecutionOrderSort2 (0ms)
		AwakeInstancesAfterBackupRestoration (0ms)
========================================================================
Worker process is ready to serve import requests
Begin MonoManager ReloadAssembly
- Loaded All Assemblies, in  0.284 seconds
Refreshing native plugins compatible for Editor in 0.52 ms, found 2 plugins.
Native extension for OSXStandalone target not found
Mono: successfully reloaded assembly
- Finished resetting the current domain, in  0.306 seconds
Domain Reload Profiling: 587ms
	BeginReloadAssembly (56ms)
		ExecutionOrderSort (0ms)
		DisableScriptedObjects (3ms)
		BackupInstance (0ms)
		ReleaseScriptingObjects (0ms)
		CreateAndSetChildDomain (13ms)
	RebuildCommonClasses (19ms)
	RebuildNativeTypeToScriptingClass (6ms)
	initialDomainReloadingComplete (17ms)
	LoadAllAssembliesAndSetupDomain (182ms)
		LoadAssemblies (117ms)
		RebuildTransferFunctionScriptingTraits (0ms)
		AnalyzeDomain (91ms)
			TypeCache.Refresh (82ms)
				TypeCache.ScanAssembly (74ms)
			ScanForSourceGeneratedMonoScriptInfo (5ms)
			ResolveRequiredComponents (3ms)
	FinalizeReload (306ms)
		ReleaseScriptCaches (0ms)
		RebuildScriptCaches (0ms)
		SetupLoadedEditorAssemblies (232ms)
			LogAssemblyErrors (0ms)
			InitializePlatformSupportModulesInManaged (2ms)
			SetLoadedEditorAssemblies (2ms)
			RefreshPlugins (0ms)
			BeforeProcessingInitializeOnLoad (24ms)
			ProcessInitializeOnLoadAttributes (194ms)
			ProcessInitializeOnLoadMethodAttributes (8ms)
			AfterProcessingInitializeOnLoad (1ms)
			EditorAssembliesLoaded (0ms)
		ExecutionOrderSort2 (0ms)
		AwakeInstancesAfterBackupRestoration (2ms)
Launching external process: /Applications/Unity/Hub/Editor/2022.3.32f1/Unity.app/Contents/Tools/UnityShaderCompiler
Launched and connected shader compiler UnityShaderCompiler after 0.02 seconds
Refreshing native plugins compatible for Editor in 0.59 ms, found 2 plugins.
Preloading 0 native plugins for Editor in 0.00 ms.
Unloading 3173 Unused Serialized files (Serialized files now loaded: 0)
Unloading 34 unused Assets / (51.6 KB). Loaded Objects now: 3643.
Memory consumption went from 135.1 MB to 135.0 MB.
Total: 1.957625 ms (FindLiveObjects: 0.085333 ms CreateObjectMapping: 0.030000 ms MarkObjects: 1.775792 ms  DeleteObjects: 0.065958 ms)

AssetImportParameters requested are different than current active one (requested -> active):
  custom:container-demuxer-ogg: 62fdf1f143b41e24485cea50d1cbac27 -> 
  custom:video-decoder-ogg-theora: a1e56fd34408186e4bbccfd4996cb3dc -> 
  custom:CustomObjectIndexerAttribute: 9a22284fe3817be447336de3de66b15e -> 
  custom:container-demuxer-webm: 4f35f7cbe854078d1ac9338744f61a02 -> 
  custom:container-muxer-webm: aa71ff27fc2769a1b78a27578f13a17b -> 
  custom:video-decoder-webm-vp8: 9c59270c3fd7afecdb556c50c9e8de78 -> 
  custom:SearchIndexIgnoredProperties: e643bd26f0fe6173181afceb89e7c659 -> 
  custom:AudioImporter_EditorPlatform: 3918e3fc78b5a79bad01e8451be0beb8 -> 
  custom:framework-osx-AVFoundation: e770b220cccbd017edd2c1fefb359320 -> 
  custom:video-encoder-webm-vp8: eb34c28f22e8b96e1ab97ce403110664 -> 
  custom:audio-decoder-ogg-vorbis: bf7c407c2cedff20999df2af8eb42d56 -> 
  custom:audio-encoder-webm-vorbis: bf7c407c2cedff20999df2af8eb42d56 -> 
========================================================================
Received Import Request.
  Time since last request: 6378.345697 seconds.
  path: Assets/Yeux 3D Bouton Brille/New Material.mat
  artifactKey: Guid(b3fcef880c07346acb23f1528624066d) Importer(815301076,1909f56bfc062723c751e8b465ee728b)
Start importing Assets/Yeux 3D Bouton Brille/New Material.mat using Guid(b3fcef880c07346acb23f1528624066d) Importer(815301076,1909f56bfc062723c751e8b465ee728b) [PhysX] Initialized MultithreadedTaskDispatcher with 12 workers.
[PhysX] Initialized MultithreadedTaskDispatcher with 12 workers.
 -> (artifact id: 'c896c922b5afb9a1b3888a5f8d6325f5') in 0.121715 seconds
Number of updated asset objects reloaded before import = 0
Number of asset objects unloaded after import = 2
========================================================================
Received Import Request.
  Time since last request: 434.549982 seconds.
  path: Assets/Eastereggs/Jordan - Snorlax SSBB/Kabigon_env.png
  artifactKey: Guid(261b33528360a1f4fac30a0b30fbdfd3) Importer(815301076,1909f56bfc062723c751e8b465ee728b)
Start importing Assets/Eastereggs/Jordan - Snorlax SSBB/Kabigon_env.png using Guid(261b33528360a1f4fac30a0b30fbdfd3) Importer(815301076,1909f56bfc062723c751e8b465ee728b) [PhysX] Initialized MultithreadedTaskDispatcher with 12 workers.
[PhysX] Initialized MultithreadedTaskDispatcher with 12 workers.
 -> (artifact id: '1f8dfa6526442bf724f767aa4ec347b2') in 0.016426 seconds
Number of updated asset objects reloaded before import = 0
Number of asset objects unloaded after import = 2
========================================================================
Received Import Request.
  Time since last request: 200.680975 seconds.
  path: Assets/Eastereggs/Partie 3/Mario & Luigi/001_mario/ChTX_001_mario_01_cl.png
  artifactKey: Guid(1a6632f7867374912862af3ab0909fa6) Importer(815301076,1909f56bfc062723c751e8b465ee728b)
Start importing Assets/Eastereggs/Partie 3/Mario & Luigi/001_mario/ChTX_001_mario_01_cl.png using Guid(1a6632f7867374912862af3ab0909fa6) Importer(815301076,1909f56bfc062723c751e8b465ee728b) [PhysX] Initialized MultithreadedTaskDispatcher with 12 workers.
[PhysX] Initialized MultithreadedTaskDispatcher with 12 workers.
 -> (artifact id: '302e74d48b9a828dcbd25f47e88601ee') in 0.011001 seconds
Number of updated asset objects reloaded before import = 0
Number of asset objects unloaded after import = 2
========================================================================
Received Import Request.
  Time since last request: 0.000085 seconds.
  path: Assets/Eastereggs/Partie 3/Mario & Luigi/001_mario/ChTX_001_mario_04_sp.png
  artifactKey: Guid(a9b65b9dd0a1d4d4496e200ceafda100) Importer(815301076,1909f56bfc062723c751e8b465ee728b)
Start importing Assets/Eastereggs/Partie 3/Mario & Luigi/001_mario/ChTX_001_mario_04_sp.png using Guid(a9b65b9dd0a1d4d4496e200ceafda100) Importer(815301076,1909f56bfc062723c751e8b465ee728b) [PhysX] Initialized MultithreadedTaskDispatcher with 12 workers.
[PhysX] Initialized MultithreadedTaskDispatcher with 12 workers.
 -> (artifact id: 'd8ac523647f4850dd4e016fba3ff6686') in 0.004493 seconds
Number of updated asset objects reloaded before import = 0
Number of asset objects unloaded after import = 2
========================================================================
Received Import Request.
  Time since last request: 0.000102 seconds.
  path: Assets/Eastereggs/Partie 3/Mario & Luigi/001_mario/ChTX_001_mario_04_cl.png
  artifactKey: Guid(1209651a650034c95866f1e198b9c9d3) Importer(815301076,1909f56bfc062723c751e8b465ee728b)
Start importing Assets/Eastereggs/Partie 3/Mario & Luigi/001_mario/ChTX_001_mario_04_cl.png using Guid(1209651a650034c95866f1e198b9c9d3) Importer(815301076,1909f56bfc062723c751e8b465ee728b) [PhysX] Initialized MultithreadedTaskDispatcher with 12 workers.
[PhysX] Initialized MultithreadedTaskDispatcher with 12 workers.
 -> (artifact id: '28bc8461c77a251f4a6cc0bcf797805c') in 0.003796 seconds
Number of updated asset objects reloaded before import = 0
Number of asset objects unloaded after import = 2
========================================================================
Received Import Request.
  Time since last request: 0.000081 seconds.
  path: Assets/Eastereggs/Partie 3/Mario & Luigi/001_mario/ChTX_001_mario_03_cl.png
  artifactKey: Guid(60cfa53419181487f837da4db9d025d5) Importer(815301076,1909f56bfc062723c751e8b465ee728b)
Start importing Assets/Eastereggs/Partie 3/Mario & Luigi/001_mario/ChTX_001_mario_03_cl.png using Guid(60cfa53419181487f837da4db9d025d5) Importer(815301076,1909f56bfc062723c751e8b465ee728b) [PhysX] Initialized MultithreadedTaskDispatcher with 12 workers.
[PhysX] Initialized MultithreadedTaskDispatcher with 12 workers.
 -> (artifact id: '8a8cfb2062532ce59b65b6ed1015e072') in 0.005411 seconds
Number of updated asset objects reloaded before import = 0
Number of asset objects unloaded after import = 2
========================================================================
Received Import Request.
  Time since last request: 0.000099 seconds.
  path: Assets/Eastereggs/Partie 3/Mario & Luigi/001_mario/ChTX_001_mario_04_ao.png
  artifactKey: Guid(c3b0d8fa7713b4eb1b61ac164deb53e3) Importer(815301076,1909f56bfc062723c751e8b465ee728b)
Start importing Assets/Eastereggs/Partie 3/Mario & Luigi/001_mario/ChTX_001_mario_04_ao.png using Guid(c3b0d8fa7713b4eb1b61ac164deb53e3) Importer(815301076,1909f56bfc062723c751e8b465ee728b) [PhysX] Initialized MultithreadedTaskDispatcher with 12 workers.
[PhysX] Initialized MultithreadedTaskDispatcher with 12 workers.
 -> (artifact id: '8f0a65eb3d74eb82a2f67ab9b2bc383b') in 0.004678 seconds
Number of updated asset objects reloaded before import = 0
Number of asset objects unloaded after import = 2
========================================================================
Received Import Request.
  Time since last request: 0.000058 seconds.
  path: Assets/Eastereggs/Partie 3/Mario & Luigi/001_mario/ChTX_001_mario_03_sh.png
  artifactKey: Guid(1a0d57c18008a41aba3695cf4ea74ae3) Importer(815301076,1909f56bfc062723c751e8b465ee728b)
Start importing Assets/Eastereggs/Partie 3/Mario & Luigi/001_mario/ChTX_001_mario_03_sh.png using Guid(1a0d57c18008a41aba3695cf4ea74ae3) Importer(815301076,1909f56bfc062723c751e8b465ee728b) [PhysX] Initialized MultithreadedTaskDispatcher with 12 workers.
[PhysX] Initialized MultithreadedTaskDispatcher with 12 workers.
 -> (artifact id: '4a9865ba5aaf0306f47d15827433dd91') in 0.004811 seconds
Number of updated asset objects reloaded before import = 0
Number of asset objects unloaded after import = 2
========================================================================
Received Import Request.
  Time since last request: 0.000063 seconds.
  path: Assets/Eastereggs/Partie 3/Mario & Luigi/001_mario/ChTX_001_mario_eye_01_rg.png
  artifactKey: Guid(601e900b644ce46a69f86523d03d6eff) Importer(815301076,1909f56bfc062723c751e8b465ee728b)
Start importing Assets/Eastereggs/Partie 3/Mario & Luigi/001_mario/ChTX_001_mario_eye_01_rg.png using Guid(601e900b644ce46a69f86523d03d6eff) Importer(815301076,1909f56bfc062723c751e8b465ee728b) [PhysX] Initialized MultithreadedTaskDispatcher with 12 workers.
[PhysX] Initialized MultithreadedTaskDispatcher with 12 workers.
 -> (artifact id: 'd6e72203ced0cb0ffdb25b8f93eeb8c4') in 0.003526 seconds
Number of updated asset objects reloaded before import = 0
Number of asset objects unloaded after import = 2
========================================================================
Received Import Request.
  Time since last request: 0.000145 seconds.
  path: Assets/Eastereggs/Partie 3/Mario & Luigi/001_mario/ChTX_001_mario_02_cl.png
  artifactKey: Guid(0d8f620e607014263b84089704fde37f) Importer(815301076,1909f56bfc062723c751e8b465ee728b)
Start importing Assets/Eastereggs/Partie 3/Mario & Luigi/001_mario/ChTX_001_mario_02_cl.png using Guid(0d8f620e607014263b84089704fde37f) Importer(815301076,1909f56bfc062723c751e8b465ee728b) [PhysX] Initialized MultithreadedTaskDispatcher with 12 workers.
[PhysX] Initialized MultithreadedTaskDispatcher with 12 workers.
 -> (artifact id: 'f52e60eca79674cf37c6469123295971') in 0.003714 seconds
Number of updated asset objects reloaded before import = 0
Number of asset objects unloaded after import = 2
========================================================================
Received Import Request.
  Time since last request: 0.000034 seconds.
  path: Assets/Eastereggs/Partie 3/Mario & Luigi/001_mario/ChTX_001_mario_eye_01_cl.png
  artifactKey: Guid(ff3e5a2bd67d64729914fce0737b5c18) Importer(815301076,1909f56bfc062723c751e8b465ee728b)
Start importing Assets/Eastereggs/Partie 3/Mario & Luigi/001_mario/ChTX_001_mario_eye_01_cl.png using Guid(ff3e5a2bd67d64729914fce0737b5c18) Importer(815301076,1909f56bfc062723c751e8b465ee728b) [PhysX] Initialized MultithreadedTaskDispatcher with 12 workers.
[PhysX] Initialized MultithreadedTaskDispatcher with 12 workers.
 -> (artifact id: '38e1dff415a71ccc67a99a78a0895d6a') in 0.003494 seconds
Number of updated asset objects reloaded before import = 0
Number of asset objects unloaded after import = 2
========================================================================
Received Import Request.
  Time since last request: 0.000113 seconds.
  path: Assets/Eastereggs/Partie 3/Mario & Luigi/001_mario/ChTX_001_mario_eye_01_sp.png
  artifactKey: Guid(25da608d85bdb4185a25a3240dd4b17a) Importer(815301076,1909f56bfc062723c751e8b465ee728b)
Start importing Assets/Eastereggs/Partie 3/Mario & Luigi/001_mario/ChTX_001_mario_eye_01_sp.png using Guid(25da608d85bdb4185a25a3240dd4b17a) Importer(815301076,1909f56bfc062723c751e8b465ee728b) [PhysX] Initialized MultithreadedTaskDispatcher with 12 workers.
[PhysX] Initialized MultithreadedTaskDispatcher with 12 workers.
 -> (artifact id: 'a67e66deaa7782e3d80c7ee5b6bf3dd2') in 0.002848 seconds
Number of updated asset objects reloaded before import = 0
Number of asset objects unloaded after import = 2
========================================================================
Received Import Request.
  Time since last request: 0.000093 seconds.
  path: Assets/Eastereggs/Partie 3/Mario & Luigi/001_mario/ChTX_001_mario_01_sp.png
  artifactKey: Guid(49b7f34a60b0f4b389e332a958046a52) Importer(815301076,1909f56bfc062723c751e8b465ee728b)
Start importing Assets/Eastereggs/Partie 3/Mario & Luigi/001_mario/ChTX_001_mario_01_sp.png using Guid(49b7f34a60b0f4b389e332a958046a52) Importer(815301076,1909f56bfc062723c751e8b465ee728b) [PhysX] Initialized MultithreadedTaskDispatcher with 12 workers.
[PhysX] Initialized MultithreadedTaskDispatcher with 12 workers.
 -> (artifact id: 'c339e0f19518b58b28ec7f248ef1fb39') in 0.003678 seconds
Number of updated asset objects reloaded before import = 0
Number of asset objects unloaded after import = 2
========================================================================
Received Import Request.
  Time since last request: 0.000112 seconds.
  path: Assets/Eastereggs/Partie 3/Mario & Luigi/001_mario/ChTX_001_mario_01_rg.png
  artifactKey: Guid(8f0c1eb4847be4b6197108dc15287bd3) Importer(815301076,1909f56bfc062723c751e8b465ee728b)
Start importing Assets/Eastereggs/Partie 3/Mario & Luigi/001_mario/ChTX_001_mario_01_rg.png using Guid(8f0c1eb4847be4b6197108dc15287bd3) Importer(815301076,1909f56bfc062723c751e8b465ee728b) [PhysX] Initialized MultithreadedTaskDispatcher with 12 workers.
[PhysX] Initialized MultithreadedTaskDispatcher with 12 workers.
 -> (artifact id: '2afac3c883000e40b96ee0d797eeba43') in 0.003579 seconds
Number of updated asset objects reloaded before import = 0
Number of asset objects unloaded after import = 2
========================================================================
Received Import Request.
  Time since last request: 0.000038 seconds.
  path: Assets/Eastereggs/Partie 3/Mario & Luigi/001_mario/ChTX_001_mario_eye_01_sh.png
  artifactKey: Guid(3c8a30baa02764d7e8f09313fd6be125) Importer(815301076,1909f56bfc062723c751e8b465ee728b)
Start importing Assets/Eastereggs/Partie 3/Mario & Luigi/001_mario/ChTX_001_mario_eye_01_sh.png using Guid(3c8a30baa02764d7e8f09313fd6be125) Importer(815301076,1909f56bfc062723c751e8b465ee728b) [PhysX] Initialized MultithreadedTaskDispatcher with 12 workers.
[PhysX] Initialized MultithreadedTaskDispatcher with 12 workers.
 -> (artifact id: 'd501248ea5e39db9d0ec54153016eeac') in 0.003370 seconds
Number of updated asset objects reloaded before import = 0
Number of asset objects unloaded after import = 2
========================================================================
Received Import Request.
  Time since last request: 0.000041 seconds.
  path: Assets/Eastereggs/Partie 3/Mario & Luigi/001_mario/ChTX_001_mario_04_sh.png
  artifactKey: Guid(44eaa5b2d647f4b8d9514c80dfcec41b) Importer(815301076,1909f56bfc062723c751e8b465ee728b)
Start importing Assets/Eastereggs/Partie 3/Mario & Luigi/001_mario/ChTX_001_mario_04_sh.png using Guid(44eaa5b2d647f4b8d9514c80dfcec41b) Importer(815301076,1909f56bfc062723c751e8b465ee728b) [PhysX] Initialized MultithreadedTaskDispatcher with 12 workers.
[PhysX] Initialized MultithreadedTaskDispatcher with 12 workers.
 -> (artifact id: '1a00bc6e52a025412af26d982ebadd0c') in 0.003794 seconds
Number of updated asset objects reloaded before import = 0
Number of asset objects unloaded after import = 2
Editor requested this worker to shutdown with reason: Scaling down because of idle timeout
TcpMessagingSession - receive error: operation aborted. errorcode: 89, details: Operation aborted.
AssetImportWorker is now disconnected from the server
Process exiting
